WARNING:tensorflow:From jigsaw.py:438: multi_gpu_model (from tensorflow.python.keras.utils.multi_gpu_utils) is deprecated and will be removed after 2020-04-01.
Instructions for updating:
Use `tf.distribute.MirroredStrategy` instead.
None
*** Building Jigsaw with up to 7x7 kernels
Model: "model"
__________________________________________________________________________________________________
Layer (type)                    Output Shape         Param #     Connected to                     
==================================================================================================
input_1 (InputLayer)            [(None, 25, 25, 12)] 0                                            
__________________________________________________________________________________________________
conv2d_1 (Conv2D)               (None, 25, 25, 96)   1248        input_1[0][0]                    
__________________________________________________________________________________________________
conv2d_3 (Conv2D)               (None, 25, 25, 16)   208         input_1[0][0]                    
__________________________________________________________________________________________________
conv2d_5 (Conv2D)               (None, 25, 25, 16)   208         input_1[0][0]                    
__________________________________________________________________________________________________
max_pooling2d (MaxPooling2D)    (None, 25, 25, 12)   0           input_1[0][0]                    
__________________________________________________________________________________________________
conv2d (Conv2D)                 (None, 25, 25, 256)  3328        input_1[0][0]                    
__________________________________________________________________________________________________
conv2d_2 (Conv2D)               (None, 25, 25, 128)  110720      conv2d_1[0][0]                   
__________________________________________________________________________________________________
conv2d_4 (Conv2D)               (None, 25, 25, 128)  51328       conv2d_3[0][0]                   
__________________________________________________________________________________________________
conv2d_6 (Conv2D)               (None, 25, 25, 128)  100480      conv2d_5[0][0]                   
__________________________________________________________________________________________________
conv2d_7 (Conv2D)               (None, 25, 25, 32)   416         max_pooling2d[0][0]              
__________________________________________________________________________________________________
flatten_1 (Flatten)             (None, 7500)         0           input_1[0][0]                    
__________________________________________________________________________________________________
concatenate (Concatenate)       (None, 25, 25, 672)  0           conv2d[0][0]                     
                                                                 conv2d_2[0][0]                   
                                                                 conv2d_4[0][0]                   
                                                                 conv2d_6[0][0]                   
                                                                 conv2d_7[0][0]                   
__________________________________________________________________________________________________
dense_1 (Dense)                 (None, 16)           120016      flatten_1[0][0]                  
__________________________________________________________________________________________________
avg_pooling (AveragePooling2D)  (None, 23, 23, 672)  0           concatenate[0][0]                
__________________________________________________________________________________________________
dropout_1 (Dropout)             (None, 16)           0           dense_1[0][0]                    
__________________________________________________________________________________________________
flatten (Flatten)               (None, 355488)       0           avg_pooling[0][0]                
__________________________________________________________________________________________________
dense_2 (Dense)                 (None, 16)           272         dropout_1[0][0]                  
__________________________________________________________________________________________________
dense (Dense)                   (None, 16)           5687824     flatten[0][0]                    
__________________________________________________________________________________________________
dropout_2 (Dropout)             (None, 16)           0           dense_2[0][0]                    
__________________________________________________________________________________________________
dropout (Dropout)               (None, 16)           0           dense[0][0]                      
__________________________________________________________________________________________________
concatenate_1 (Concatenate)     (None, 32)           0           dropout_2[0][0]                  
                                                                 dropout[0][0]                    
__________________________________________________________________________________________________
dense_3 (Dense)                 (None, 32)           1056        concatenate_1[0][0]              
__________________________________________________________________________________________________
dropout_3 (Dropout)             (None, 32)           0           dense_3[0][0]                    
__________________________________________________________________________________________________
dense_4 (Dense)                 (None, 16)           528         dropout_3[0][0]                  
__________________________________________________________________________________________________
prob (Activation)               (None, 16)           0           dense_4[0][0]                    
==================================================================================================
Total params: 6,077,632
Trainable params: 6,077,632
Non-trainable params: 0
__________________________________________________________________________________________________

 1/21 [>.............................] - ETA: 0s - loss: 4.7183 - accuracy: 0.0530
 3/21 [===>..........................] - ETA: 0s - loss: 5.5014 - accuracy: 0.2197
 5/21 [======>.......................] - ETA: 0s - loss: 5.0936 - accuracy: 0.3167
 7/21 [=========>....................] - ETA: 0s - loss: 4.9021 - accuracy: 0.3723
 9/21 [===========>..................] - ETA: 0s - loss: 4.5738 - accuracy: 0.4200
11/21 [==============>...............] - ETA: 0s - loss: 4.3894 - accuracy: 0.4504
13/21 [=================>............] - ETA: 0s - loss: 4.1676 - accuracy: 0.4802
15/21 [====================>.........] - ETA: 0s - loss: 3.9809 - accuracy: 0.5091
17/21 [=======================>......] - ETA: 0s - loss: 3.8031 - accuracy: 0.5401
19/21 [==========================>...] - ETA: 0s - loss: 3.6613 - accuracy: 0.5606
21/21 [==============================] - ETA: 0s - loss: 3.5180 - accuracy: 0.5791
Epoch 00001: accuracy improved from -inf to 0.57908, saving model to SA_my_test-best-model.hdf5

21/21 [==============================] - 15s 735ms/step - loss: 3.5180 - accuracy: 0.5791
---Training Time  34.26845169067383 seconds ---
Configuration for dataset [SA_my_test]:

Test Set Ratio: 95.0% of samples
Window Size   : 25 pixels per side
Dim. Reduction: fa function
Num channels  : 12 bands after fa
# Network design
Input shape   : (25x25x12)
HSI Filters   : None filters in first layer
Internal Size : (7x7) maximum network filter size
# Training hyperparameters
Optimizer     : sgd
Learning rate : 0.01
Batch Size    : 132
Num Epochs    : 500
Patience      : 20
# Training GPUs
GPU Maximum   : 2

(51423,)
              precision    recall  f1-score   support

           0       0.92      0.98      0.95      1909
           1       0.98      1.00      0.99      3540
           2       1.00      0.83      0.91      1877
           3       1.00      0.91      0.95      1324
           4       0.87      0.99      0.93      2544
           5       0.99      1.00      1.00      3761
           6       1.00      1.00      1.00      3400
           7       0.69      0.95      0.80     10707
           8       0.98      1.00      0.99      5893
           9       0.99      1.00      0.99      3114
          10       0.99      0.82      0.90      1015
          11       1.00      0.43      0.60      1831
          12       0.46      1.00      0.63       870
          13       1.00      0.89      0.94      1016
          14       0.83      0.34      0.48      6905
          15       1.00      1.00      1.00      1717

    accuracy                           0.87     51423
   macro avg       0.92      0.88      0.88     51423
weighted avg       0.89      0.87      0.85     51423

Brocoli_green_weeds_1, Brocoli_green_weeds_2, Fallow, Fallow_rough_plow, Fallow_smooth, Stubble, Celery, Grapes_untrained, Soil_vinyard_develop, Corn_senesced_green_weeds, Lettuce_romaine_4wk, Lettuce_romaine_5wk, Lettuce_romaine_6wk, Lettuce_romaine_7wk, Vinyard_untrained, Vinyard_vertical_trellis
---Testing Time  7.005537509918213 seconds ---
Producing report

   1/1607 [..............................] - ETA: 0s - loss: 1.1082 - accuracy: 0.8750
  13/1607 [..............................] - ETA: 6s - loss: 1.1590 - accuracy: 0.8798
  25/1607 [..............................] - ETA: 6s - loss: 1.2100 - accuracy: 0.8675
  37/1607 [..............................] - ETA: 6s - loss: 1.1940 - accuracy: 0.8699
  49/1607 [..............................] - ETA: 6s - loss: 1.2137 - accuracy: 0.8654
  61/1607 [>.............................] - ETA: 6s - loss: 1.2041 - accuracy: 0.8653
  73/1607 [>.............................] - ETA: 6s - loss: 1.1996 - accuracy: 0.8694
  85/1607 [>.............................] - ETA: 6s - loss: 1.1992 - accuracy: 0.8691
  97/1607 [>.............................] - ETA: 6s - loss: 1.2063 - accuracy: 0.8666
 109/1607 [=>............................] - ETA: 6s - loss: 1.2050 - accuracy: 0.8650
 121/1607 [=>............................] - ETA: 6s - loss: 1.2004 - accuracy: 0.8657
 133/1607 [=>............................] - ETA: 6s - loss: 1.1969 - accuracy: 0.8677
 145/1607 [=>............................] - ETA: 6s - loss: 1.1942 - accuracy: 0.8690
 157/1607 [=>............................] - ETA: 6s - loss: 1.1979 - accuracy: 0.8676
 169/1607 [==>...........................] - ETA: 6s - loss: 1.2043 - accuracy: 0.8652
 181/1607 [==>...........................] - ETA: 6s - loss: 1.2038 - accuracy: 0.8671
 193/1607 [==>...........................] - ETA: 6s - loss: 1.2021 - accuracy: 0.8677
 205/1607 [==>...........................] - ETA: 6s - loss: 1.2162 - accuracy: 0.8666
 217/1607 [===>..........................] - ETA: 6s - loss: 1.2207 - accuracy: 0.8654
 229/1607 [===>..........................] - ETA: 6s - loss: 1.2175 - accuracy: 0.8664
 241/1607 [===>..........................] - ETA: 6s - loss: 1.2161 - accuracy: 0.8668
 253/1607 [===>..........................] - ETA: 5s - loss: 1.2156 - accuracy: 0.8668
 265/1607 [===>..........................] - ETA: 5s - loss: 1.2186 - accuracy: 0.8678
 277/1607 [====>.........................] - ETA: 5s - loss: 1.2195 - accuracy: 0.8672
 289/1607 [====>.........................] - ETA: 5s - loss: 1.2181 - accuracy: 0.8678
 301/1607 [====>.........................] - ETA: 5s - loss: 1.2184 - accuracy: 0.8674
 313/1607 [====>.........................] - ETA: 5s - loss: 1.2203 - accuracy: 0.8670
 325/1607 [=====>........................] - ETA: 5s - loss: 1.2230 - accuracy: 0.8662
 337/1607 [=====>........................] - ETA: 5s - loss: 1.2227 - accuracy: 0.8659
 349/1607 [=====>........................] - ETA: 5s - loss: 1.2225 - accuracy: 0.8664
 361/1607 [=====>........................] - ETA: 5s - loss: 1.2249 - accuracy: 0.8661
 373/1607 [=====>........................] - ETA: 5s - loss: 1.2260 - accuracy: 0.8662
 385/1607 [======>.......................] - ETA: 5s - loss: 1.2246 - accuracy: 0.8665
 397/1607 [======>.......................] - ETA: 5s - loss: 1.2238 - accuracy: 0.8667
 409/1607 [======>.......................] - ETA: 5s - loss: 1.2205 - accuracy: 0.8677
 421/1607 [======>.......................] - ETA: 5s - loss: 1.2207 - accuracy: 0.8675
 433/1607 [=======>......................] - ETA: 5s - loss: 1.2199 - accuracy: 0.8681
 445/1607 [=======>......................] - ETA: 5s - loss: 1.2204 - accuracy: 0.8678
 457/1607 [=======>......................] - ETA: 5s - loss: 1.2177 - accuracy: 0.8687
 469/1607 [=======>......................] - ETA: 5s - loss: 1.2172 - accuracy: 0.8689
 481/1607 [=======>......................] - ETA: 4s - loss: 1.2172 - accuracy: 0.8690
 493/1607 [========>.....................] - ETA: 4s - loss: 1.2197 - accuracy: 0.8689
 505/1607 [========>.....................] - ETA: 4s - loss: 1.2206 - accuracy: 0.8681
 517/1607 [========>.....................] - ETA: 4s - loss: 1.2180 - accuracy: 0.8679
 529/1607 [========>.....................] - ETA: 4s - loss: 1.2191 - accuracy: 0.8679
 541/1607 [=========>....................] - ETA: 4s - loss: 1.2217 - accuracy: 0.8669
 553/1607 [=========>....................] - ETA: 4s - loss: 1.2228 - accuracy: 0.8669
 565/1607 [=========>....................] - ETA: 4s - loss: 1.2222 - accuracy: 0.8667
 577/1607 [=========>....................] - ETA: 4s - loss: 1.2221 - accuracy: 0.8673
 589/1607 [=========>....................] - ETA: 4s - loss: 1.2214 - accuracy: 0.8675
 601/1607 [==========>...................] - ETA: 4s - loss: 1.2206 - accuracy: 0.8675
 613/1607 [==========>...................] - ETA: 4s - loss: 1.2194 - accuracy: 0.8678
 625/1607 [==========>...................] - ETA: 4s - loss: 1.2183 - accuracy: 0.8679
 637/1607 [==========>...................] - ETA: 4s - loss: 1.2193 - accuracy: 0.8676
 649/1607 [===========>..................] - ETA: 4s - loss: 1.2212 - accuracy: 0.8674
 661/1607 [===========>..................] - ETA: 4s - loss: 1.2221 - accuracy: 0.8671
 673/1607 [===========>..................] - ETA: 4s - loss: 1.2195 - accuracy: 0.8674
 685/1607 [===========>..................] - ETA: 4s - loss: 1.2211 - accuracy: 0.8675
 697/1607 [============>.................] - ETA: 4s - loss: 1.2226 - accuracy: 0.8675
 709/1607 [============>.................] - ETA: 3s - loss: 1.2214 - accuracy: 0.8674
 720/1607 [============>.................] - ETA: 3s - loss: 1.2230 - accuracy: 0.8668
 732/1607 [============>.................] - ETA: 3s - loss: 1.2219 - accuracy: 0.8670
 744/1607 [============>.................] - ETA: 3s - loss: 1.2224 - accuracy: 0.8670
 756/1607 [=============>................] - ETA: 3s - loss: 1.2208 - accuracy: 0.8672
 768/1607 [=============>................] - ETA: 3s - loss: 1.2217 - accuracy: 0.8671
 780/1607 [=============>................] - ETA: 3s - loss: 1.2198 - accuracy: 0.8672
 792/1607 [=============>................] - ETA: 3s - loss: 1.2193 - accuracy: 0.8674
 804/1607 [==============>...............] - ETA: 3s - loss: 1.2187 - accuracy: 0.8677
 816/1607 [==============>...............] - ETA: 3s - loss: 1.2190 - accuracy: 0.8675
 828/1607 [==============>...............] - ETA: 3s - loss: 1.2188 - accuracy: 0.8674
 840/1607 [==============>...............] - ETA: 3s - loss: 1.2183 - accuracy: 0.8677
 852/1607 [==============>...............] - ETA: 3s - loss: 1.2177 - accuracy: 0.8677
 864/1607 [===============>..............] - ETA: 3s - loss: 1.2173 - accuracy: 0.8677
 876/1607 [===============>..............] - ETA: 3s - loss: 1.2168 - accuracy: 0.8679
 888/1607 [===============>..............] - ETA: 3s - loss: 1.2169 - accuracy: 0.8681
 900/1607 [===============>..............] - ETA: 3s - loss: 1.2183 - accuracy: 0.8679
 912/1607 [================>.............] - ETA: 3s - loss: 1.2192 - accuracy: 0.8678
 924/1607 [================>.............] - ETA: 3s - loss: 1.2198 - accuracy: 0.8676
 936/1607 [================>.............] - ETA: 2s - loss: 1.2185 - accuracy: 0.8682
 948/1607 [================>.............] - ETA: 2s - loss: 1.2180 - accuracy: 0.8685
 960/1607 [================>.............] - ETA: 2s - loss: 1.2197 - accuracy: 0.8684
 972/1607 [=================>............] - ETA: 2s - loss: 1.2184 - accuracy: 0.8686
 984/1607 [=================>............] - ETA: 2s - loss: 1.2168 - accuracy: 0.8687
 996/1607 [=================>............] - ETA: 2s - loss: 1.2171 - accuracy: 0.8686
1008/1607 [=================>............] - ETA: 2s - loss: 1.2157 - accuracy: 0.8687
1020/1607 [==================>...........] - ETA: 2s - loss: 1.2161 - accuracy: 0.8686
1032/1607 [==================>...........] - ETA: 2s - loss: 1.2152 - accuracy: 0.8685
1044/1607 [==================>...........] - ETA: 2s - loss: 1.2151 - accuracy: 0.8684
1056/1607 [==================>...........] - ETA: 2s - loss: 1.2153 - accuracy: 0.8683
1068/1607 [==================>...........] - ETA: 2s - loss: 1.2153 - accuracy: 0.8681
1080/1607 [===================>..........] - ETA: 2s - loss: 1.2157 - accuracy: 0.8681
1092/1607 [===================>..........] - ETA: 2s - loss: 1.2172 - accuracy: 0.8678
1104/1607 [===================>..........] - ETA: 2s - loss: 1.2168 - accuracy: 0.8680
1116/1607 [===================>..........] - ETA: 2s - loss: 1.2174 - accuracy: 0.8677
1128/1607 [====================>.........] - ETA: 2s - loss: 1.2170 - accuracy: 0.8676
1140/1607 [====================>.........] - ETA: 2s - loss: 1.2166 - accuracy: 0.8679
1152/1607 [====================>.........] - ETA: 2s - loss: 1.2163 - accuracy: 0.8680
1164/1607 [====================>.........] - ETA: 1s - loss: 1.2173 - accuracy: 0.8680
1176/1607 [====================>.........] - ETA: 1s - loss: 1.2184 - accuracy: 0.8677
1188/1607 [=====================>........] - ETA: 1s - loss: 1.2190 - accuracy: 0.8675
1200/1607 [=====================>........] - ETA: 1s - loss: 1.2197 - accuracy: 0.8675
1212/1607 [=====================>........] - ETA: 1s - loss: 1.2206 - accuracy: 0.8674
1224/1607 [=====================>........] - ETA: 1s - loss: 1.2212 - accuracy: 0.8673
1236/1607 [======================>.......] - ETA: 1s - loss: 1.2195 - accuracy: 0.8677
1248/1607 [======================>.......] - ETA: 1s - loss: 1.2200 - accuracy: 0.8676
1260/1607 [======================>.......] - ETA: 1s - loss: 1.2197 - accuracy: 0.8678
1272/1607 [======================>.......] - ETA: 1s - loss: 1.2212 - accuracy: 0.8677
1284/1607 [======================>.......] - ETA: 1s - loss: 1.2205 - accuracy: 0.8678
1296/1607 [=======================>......] - ETA: 1s - loss: 1.2198 - accuracy: 0.8678
1308/1607 [=======================>......] - ETA: 1s - loss: 1.2197 - accuracy: 0.8678
1320/1607 [=======================>......] - ETA: 1s - loss: 1.2193 - accuracy: 0.8678
1332/1607 [=======================>......] - ETA: 1s - loss: 1.2202 - accuracy: 0.8674
1344/1607 [========================>.....] - ETA: 1s - loss: 1.2197 - accuracy: 0.8674
1356/1607 [========================>.....] - ETA: 1s - loss: 1.2195 - accuracy: 0.8673
1368/1607 [========================>.....] - ETA: 1s - loss: 1.2200 - accuracy: 0.8672
1380/1607 [========================>.....] - ETA: 1s - loss: 1.2200 - accuracy: 0.8674
1392/1607 [========================>.....] - ETA: 0s - loss: 1.2216 - accuracy: 0.8672
1404/1607 [=========================>....] - ETA: 0s - loss: 1.2207 - accuracy: 0.8674
1416/1607 [=========================>....] - ETA: 0s - loss: 1.2204 - accuracy: 0.8675
1428/1607 [=========================>....] - ETA: 0s - loss: 1.2206 - accuracy: 0.8672
1440/1607 [=========================>....] - ETA: 0s - loss: 1.2221 - accuracy: 0.8669
1451/1607 [==========================>...] - ETA: 0s - loss: 1.2219 - accuracy: 0.8669
1463/1607 [==========================>...] - ETA: 0s - loss: 1.2221 - accuracy: 0.8668
1475/1607 [==========================>...] - ETA: 0s - loss: 1.2223 - accuracy: 0.8666
1487/1607 [==========================>...] - ETA: 0s - loss: 1.2231 - accuracy: 0.8663
1499/1607 [==========================>...] - ETA: 0s - loss: 1.2238 - accuracy: 0.8661
1511/1607 [===========================>..] - ETA: 0s - loss: 1.2234 - accuracy: 0.8662
1523/1607 [===========================>..] - ETA: 0s - loss: 1.2230 - accuracy: 0.8663
1535/1607 [===========================>..] - ETA: 0s - loss: 1.2225 - accuracy: 0.8663
1547/1607 [===========================>..] - ETA: 0s - loss: 1.2214 - accuracy: 0.8666
1559/1607 [============================>.] - ETA: 0s - loss: 1.2206 - accuracy: 0.8666
1571/1607 [============================>.] - ETA: 0s - loss: 1.2195 - accuracy: 0.8668
1583/1607 [============================>.] - ETA: 0s - loss: 1.2194 - accuracy: 0.8667
1595/1607 [============================>.] - ETA: 0s - loss: 1.2208 - accuracy: 0.8664
1607/1607 [==============================] - ETA: 0s - loss: 1.2206 - accuracy: 0.8663
1607/1607 [==============================] - 7s 4ms/step - loss: 1.2206 - accuracy: 0.8663
Accuracy by target:
 98.3761 : Brocoli_green_weeds_1
100.0000 : Brocoli_green_weeds_2
 83.3777 : Fallow
 91.2387 : Fallow_rough_plow
 99.2925 : Fallow_smooth
100.0000 : Stubble
 99.7059 : Celery
 95.4142 : Grapes_untrained
100.0000 : Soil_vinyard_develop
 99.5183 : Corn_senesced_green_weeds
 82.1675 : Lettuce_romaine_4wk
 42.9820 : Lettuce_romaine_5wk
 99.8851 : Lettuce_romaine_6wk
 88.8780 : Lettuce_romaine_7wk
 34.2216 : Vinyard_untrained
100.0000 : Vinyard_vertical_trellis

Classification Summary
122.055 Test loss (%)
 86.632 Test accuracy (%)
 85.015 Kappa accuracy (%)
 86.632 Overall accuracy (%)
 88.441 Average accuracy (%)

                           precision    recall  f1-score   support

    Brocoli_green_weeds_1       0.92      0.98      0.95      1909
    Brocoli_green_weeds_2       0.98      1.00      0.99      3540
                   Fallow       1.00      0.83      0.91      1877
        Fallow_rough_plow       1.00      0.91      0.95      1324
            Fallow_smooth       0.87      0.99      0.93      2544
                  Stubble       0.99      1.00      1.00      3761
                   Celery       1.00      1.00      1.00      3400
         Grapes_untrained       0.69      0.95      0.80     10707
     Soil_vinyard_develop       0.98      1.00      0.99      5893
Corn_senesced_green_weeds       0.99      1.00      0.99      3114
      Lettuce_romaine_4wk       0.99      0.82      0.90      1015
      Lettuce_romaine_5wk       1.00      0.43      0.60      1831
      Lettuce_romaine_6wk       0.46      1.00      0.63       870
      Lettuce_romaine_7wk       1.00      0.89      0.94      1016
        Vinyard_untrained       0.83      0.34      0.48      6905
 Vinyard_vertical_trellis       1.00      1.00      1.00      1717

                 accuracy                           0.87     51423
                macro avg       0.92      0.88      0.88     51423
             weighted avg       0.89      0.87      0.85     51423


[[ 1878    31     0     0     0     0     0     0     0     0     0     0      0     0     0     0]
[    0  3540     0     0     0     0     0     0     0     0     0     0      0     0     0     0]
[    0     6  1565     0   301     5     0     0     0     0     0     0      0     0     0     0]
[    7     0     0  1208    90     4     3     2     0     0     0     0      0     0     9     1]
[    0     0     0     5  2526     0     0    12     0     0     0     0      0     0     1     0]
[    0     0     0     0     0  3761     0     0     0     0     0     0      0     0     0     0]
[    0     0     0     0     0    10  3390     0     0     0     0     0      0     0     0     0]
[    0     3     0     0     0     0     0 10216     0     2     0     0      0     0   486     0]
[    0     0     0     0     0     0     0     0  5893     0     0     0      0     0     0     0]
[    0     0     0     0     0     0     0     0    15  3099     0     0      0     0     0     0]
[  149    27     0     0     0     0     0     4     0     1   834     0      0     0     0     0]
[    0     8     3     0     0     0     0     0   114    17     8   787    894     0     0     0]
[    0     0     0     0     0     0     0     0     0     0     0     0    869     1     0     0]
[    0     0     0     0     0     0     0     0     0     6     0     0    107   903     0     0]
[    0     0     0     0     0     0     0  4542     0     0     0     0      0     0  2363     0]
[    0     0     0     0     0     0     0     0     0     0     0     0      0     0     0  1717]]


Accuracy by target:
 98.3761 : Brocoli_green_weeds_1
100.0000 : Brocoli_green_weeds_2
 83.3777 : Fallow
 91.2387 : Fallow_rough_plow
 99.2925 : Fallow_smooth
100.0000 : Stubble
 99.7059 : Celery
 95.4142 : Grapes_untrained
100.0000 : Soil_vinyard_develop
 99.5183 : Corn_senesced_green_weeds
 82.1675 : Lettuce_romaine_4wk
 42.9820 : Lettuce_romaine_5wk
 99.8851 : Lettuce_romaine_6wk
 88.8780 : Lettuce_romaine_7wk
 34.2216 : Vinyard_untrained
100.0000 : Vinyard_vertical_trellis



Model: "model_1"
__________________________________________________________________________________________________
Layer (type)                    Output Shape         Param #     Connected to                     
==================================================================================================
input_1 (InputLayer)            [(None, 25, 25, 12)] 0                                            
__________________________________________________________________________________________________
lambda (Lambda)                 (None, 25, 25, 12)   0           input_1[0][0]                    
__________________________________________________________________________________________________
lambda_1 (Lambda)               (None, 25, 25, 12)   0           input_1[0][0]                    
__________________________________________________________________________________________________
model (Model)                   (None, 16)           6077632     lambda[0][0]                     
                                                                 lambda_1[0][0]                   
__________________________________________________________________________________________________
prob (Concatenate)              (None, 16)           0           model[1][0]                      
                                                                 model[2][0]                      
==================================================================================================
Total params: 6,077,632
Trainable params: 6,077,632
Non-trainable params: 0
__________________________________________________________________________________________________


Configuration for dataset [SA_my_test]:

Test Set Ratio: 95.0% of samples
Window Size   : 25 pixels per side
Dim. Reduction: fa function
Num channels  : 12 bands after fa
# Network design
Input shape   : (25x25x12)
HSI Filters   : None filters in first layer
Internal Size : (7x7) maximum network filter size
# Training hyperparameters
Optimizer     : sgd
Learning rate : 0.01
Batch Size    : 132
Num Epochs    : 500
Patience      : 20
# Training GPUs
GPU Maximum   : 2


Predicting...:   0%|                               | 0/512 [00:00<?, ?it/s]
Predicting...:   0%|                     | 2/512 [00:22<1:37:09, 11.43s/it]
Predicting...:   1%|▏                      | 3/512 [00:23<59:35,  7.02s/it]
Predicting...:   1%|▏                      | 4/512 [00:24<40:08,  4.74s/it]
Predicting...:   1%|▏                      | 5/512 [00:25<29:35,  3.50s/it]
Predicting...:   1%|▎                      | 6/512 [00:26<23:03,  2.73s/it]
Predicting...:   1%|▎                      | 7/512 [00:28<18:58,  2.25s/it]
Predicting...:   2%|▎                      | 8/512 [00:29<16:20,  1.95s/it]
Predicting...:   2%|▍                      | 9/512 [00:30<14:41,  1.75s/it]
Predicting...:   2%|▍                     | 10/512 [00:32<13:36,  1.63s/it]
Predicting...:   2%|▍                     | 11/512 [00:33<13:26,  1.61s/it]
Predicting...:   2%|▌                     | 12/512 [00:35<13:03,  1.57s/it]
Predicting...:   3%|▌                     | 13/512 [00:36<12:53,  1.55s/it]
Predicting...:   3%|▌                     | 14/512 [00:38<12:51,  1.55s/it]
Predicting...:   3%|▋                     | 15/512 [00:39<12:48,  1.55s/it]
Predicting...:   3%|▋                     | 16/512 [00:41<12:50,  1.55s/it]
Predicting...:   3%|▋                     | 17/512 [00:42<12:46,  1.55s/it]
Predicting...:   4%|▊                     | 18/512 [00:44<13:14,  1.61s/it]
Predicting...:   4%|▊                     | 19/512 [00:46<13:14,  1.61s/it]
Predicting...:   4%|▊                     | 20/512 [00:47<13:20,  1.63s/it]
Predicting...:   4%|▉                     | 21/512 [00:49<13:29,  1.65s/it]
Predicting...:   4%|▉                     | 22/512 [00:51<13:36,  1.67s/it]
Predicting...:   4%|▉                     | 23/512 [00:53<13:47,  1.69s/it]
Predicting...:   5%|█                     | 24/512 [00:55<14:19,  1.76s/it]
Predicting...:   5%|█                     | 25/512 [00:56<14:27,  1.78s/it]
Predicting...:   5%|█                     | 26/512 [00:58<14:34,  1.80s/it]
Predicting...:   5%|█▏                    | 27/512 [01:00<14:56,  1.85s/it]
Predicting...:   5%|█▏                    | 28/512 [01:02<15:15,  1.89s/it]
Predicting...:   6%|█▏                    | 29/512 [01:04<15:59,  1.99s/it]
Predicting...:   6%|█▎                    | 30/512 [01:06<16:02,  2.00s/it]
Predicting...:   6%|█▎                    | 31/512 [01:08<16:07,  2.01s/it]
Predicting...:   6%|█▍                    | 32/512 [01:10<16:06,  2.01s/it]
Predicting...:   6%|█▍                    | 33/512 [01:12<16:09,  2.02s/it]
Predicting...:   7%|█▍                    | 34/512 [01:15<16:04,  2.02s/it]
Predicting...:   7%|█▌                    | 35/512 [01:17<16:29,  2.07s/it]
Predicting...:   7%|█▌                    | 36/512 [01:19<16:22,  2.06s/it]
Predicting...:   7%|█▌                    | 37/512 [01:21<16:23,  2.07s/it]
Predicting...:   7%|█▋                    | 38/512 [01:23<16:25,  2.08s/it]
Predicting...:   8%|█▋                    | 39/512 [01:25<16:23,  2.08s/it]
Predicting...:   8%|█▋                    | 40/512 [01:27<16:47,  2.14s/it]
Predicting...:   8%|█▊                    | 41/512 [01:29<16:44,  2.13s/it]
Predicting...:   8%|█▊                    | 42/512 [01:32<16:47,  2.14s/it]
Predicting...:   8%|█▊                    | 43/512 [01:34<16:55,  2.17s/it]
Predicting...:   9%|█▉                    | 44/512 [01:36<17:07,  2.20s/it]
Predicting...:   9%|█▉                    | 45/512 [01:38<17:40,  2.27s/it]
Predicting...:   9%|█▉                    | 46/512 [01:41<17:42,  2.28s/it]
Predicting...:   9%|██                    | 47/512 [01:43<17:44,  2.29s/it]
Predicting...:   9%|██                    | 48/512 [01:45<17:45,  2.30s/it]
Predicting...:  10%|██                    | 49/512 [01:48<18:08,  2.35s/it]
Predicting...:  10%|██▏                   | 50/512 [01:50<18:02,  2.34s/it]
Predicting...:  10%|██▏                   | 51/512 [01:53<17:57,  2.34s/it]
Predicting...:  10%|██▏                   | 52/512 [01:55<17:55,  2.34s/it]
Predicting...:  10%|██▎                   | 53/512 [01:57<17:53,  2.34s/it]
Predicting...:  11%|██▎                   | 54/512 [02:00<18:18,  2.40s/it]
Predicting...:  11%|██▎                   | 55/512 [02:02<18:14,  2.39s/it]
Predicting...:  11%|██▍                   | 56/512 [02:05<18:10,  2.39s/it]
Predicting...:  11%|██▍                   | 57/512 [02:07<18:09,  2.39s/it]
Predicting...:  11%|██▍                   | 58/512 [02:09<18:24,  2.43s/it]
Predicting...:  12%|██▌                   | 59/512 [02:12<18:16,  2.42s/it]
Predicting...:  12%|██▌                   | 60/512 [02:14<18:04,  2.40s/it]
Predicting...:  12%|██▌                   | 61/512 [02:17<17:54,  2.38s/it]
Predicting...:  12%|██▋                   | 62/512 [02:19<18:06,  2.41s/it]
Predicting...:  12%|██▋                   | 63/512 [02:21<17:49,  2.38s/it]
Predicting...:  12%|██▊                   | 64/512 [02:24<17:29,  2.34s/it]
Predicting...:  13%|██▊                   | 65/512 [02:26<17:14,  2.31s/it]
Predicting...:  13%|██▊                   | 66/512 [02:28<16:58,  2.28s/it]
Predicting...:  13%|██▉                   | 67/512 [02:30<17:11,  2.32s/it]
Predicting...:  13%|██▉                   | 68/512 [02:33<16:57,  2.29s/it]
Predicting...:  13%|██▉                   | 69/512 [02:35<16:50,  2.28s/it]
Predicting...:  14%|███                   | 70/512 [02:37<16:43,  2.27s/it]
Predicting...:  14%|███                   | 71/512 [02:39<16:39,  2.27s/it]
Predicting...:  14%|███                   | 72/512 [02:42<17:00,  2.32s/it]
Predicting...:  14%|███▏                  | 73/512 [02:44<16:52,  2.31s/it]
Predicting...:  14%|███▏                  | 74/512 [02:46<16:48,  2.30s/it]
Predicting...:  15%|███▏                  | 75/512 [02:49<16:53,  2.32s/it]
Predicting...:  15%|███▎                  | 76/512 [02:51<17:21,  2.39s/it]
Predicting...:  15%|███▎                  | 77/512 [02:54<17:19,  2.39s/it]
Predicting...:  15%|███▎                  | 78/512 [02:56<17:19,  2.39s/it]
Predicting...:  15%|███▍                  | 79/512 [02:59<17:18,  2.40s/it]
Predicting...:  16%|███▍                  | 80/512 [03:01<17:17,  2.40s/it]
Predicting...:  16%|███▍                  | 81/512 [03:04<17:37,  2.45s/it]
Predicting...:  16%|███▌                  | 82/512 [03:06<17:29,  2.44s/it]
Predicting...:  16%|███▌                  | 83/512 [03:08<17:23,  2.43s/it]
Predicting...:  16%|███▌                  | 84/512 [03:11<17:20,  2.43s/it]
Predicting...:  17%|███▋                  | 85/512 [03:13<17:36,  2.47s/it]
Predicting...:  17%|███▋                  | 86/512 [03:16<17:28,  2.46s/it]
Predicting...:  17%|███▋                  | 87/512 [03:18<17:23,  2.46s/it]
Predicting...:  17%|███▊                  | 88/512 [03:21<17:21,  2.46s/it]
Predicting...:  17%|███▊                  | 89/512 [03:23<17:38,  2.50s/it]
Predicting...:  18%|███▊                  | 90/512 [03:26<17:19,  2.46s/it]
Predicting...:  18%|███▉                  | 91/512 [03:28<17:09,  2.45s/it]
Predicting...:  18%|███▉                  | 92/512 [03:31<17:04,  2.44s/it]
Predicting...:  18%|███▉                  | 93/512 [03:33<17:24,  2.49s/it]
Predicting...:  18%|████                  | 94/512 [03:36<17:14,  2.47s/it]
Predicting...:  19%|████                  | 95/512 [03:38<17:03,  2.45s/it]
Predicting...:  19%|████▏                 | 96/512 [03:40<16:49,  2.43s/it]
Predicting...:  19%|████▏                 | 97/512 [03:43<16:39,  2.41s/it]
Predicting...:  19%|████▏                 | 98/512 [03:45<16:51,  2.44s/it]
Predicting...:  19%|████▎                 | 99/512 [03:48<16:41,  2.42s/it]
Predicting...:  20%|████                 | 100/512 [03:50<16:32,  2.41s/it]
Predicting...:  20%|████▏                | 101/512 [03:52<16:25,  2.40s/it]
Predicting...:  20%|████▏                | 102/512 [03:55<16:34,  2.42s/it]
Predicting...:  20%|████▏                | 103/512 [03:57<16:13,  2.38s/it]
Predicting...:  20%|████▎                | 104/512 [03:59<15:59,  2.35s/it]
Predicting...:  21%|████▎                | 105/512 [04:02<15:47,  2.33s/it]
Predicting...:  21%|████▎                | 106/512 [04:04<15:39,  2.31s/it]
Predicting...:  21%|████▍                | 107/512 [04:06<15:55,  2.36s/it]
Predicting...:  21%|████▍                | 108/512 [04:09<15:52,  2.36s/it]
Predicting...:  21%|████▍                | 109/512 [04:11<15:52,  2.36s/it]
Predicting...:  21%|████▌                | 110/512 [04:14<15:57,  2.38s/it]
Predicting...:  22%|████▌                | 111/512 [04:16<16:17,  2.44s/it]
Predicting...:  22%|████▌                | 112/512 [04:19<16:13,  2.43s/it]
Predicting...:  22%|████▋                | 113/512 [04:21<16:10,  2.43s/it]
Predicting...:  22%|████▋                | 114/512 [04:23<16:08,  2.43s/it]
Predicting...:  22%|████▋                | 115/512 [04:26<16:06,  2.44s/it]
Predicting...:  23%|████▊                | 116/512 [04:28<16:26,  2.49s/it]
Predicting...:  23%|████▊                | 117/512 [04:31<16:18,  2.48s/it]
Predicting...:  23%|████▊                | 118/512 [04:33<16:15,  2.47s/it]
Predicting...:  23%|████▉                | 119/512 [04:36<16:14,  2.48s/it]
Predicting...:  23%|████▉                | 120/512 [04:39<16:29,  2.52s/it]
Predicting...:  24%|████▉                | 121/512 [04:41<16:25,  2.52s/it]
Predicting...:  24%|█████                | 122/512 [04:44<16:17,  2.51s/it]
Predicting...:  24%|█████                | 123/512 [04:46<16:08,  2.49s/it]
Predicting...:  24%|█████                | 124/512 [04:49<16:14,  2.51s/it]
Predicting...:  24%|█████▏               | 125/512 [04:51<15:56,  2.47s/it]
Predicting...:  25%|█████▏               | 126/512 [04:53<15:40,  2.44s/it]
Predicting...:  25%|█████▏               | 127/512 [04:56<15:27,  2.41s/it]
Predicting...:  25%|█████▎               | 128/512 [04:58<15:32,  2.43s/it]
Predicting...:  25%|█████▎               | 129/512 [05:00<15:16,  2.39s/it]
Predicting...:  25%|█████▎               | 130/512 [05:03<15:00,  2.36s/it]
Predicting...:  26%|█████▎               | 131/512 [05:05<14:46,  2.33s/it]
Predicting...:  26%|█████▍               | 132/512 [05:07<14:33,  2.30s/it]
Predicting...:  26%|█████▍               | 133/512 [05:10<14:39,  2.32s/it]
Predicting...:  26%|█████▍               | 134/512 [05:12<14:18,  2.27s/it]
Predicting...:  26%|█████▌               | 135/512 [05:14<14:03,  2.24s/it]
Predicting...:  27%|█████▌               | 136/512 [05:16<13:48,  2.20s/it]
Predicting...:  27%|█████▌               | 137/512 [05:18<13:37,  2.18s/it]
Predicting...:  27%|█████▋               | 138/512 [05:20<13:43,  2.20s/it]
Predicting...:  27%|█████▋               | 139/512 [05:22<13:26,  2.16s/it]
Predicting...:  27%|█████▋               | 140/512 [05:24<13:08,  2.12s/it]
Predicting...:  28%|█████▊               | 141/512 [05:26<12:53,  2.08s/it]
Predicting...:  28%|█████▊               | 142/512 [05:28<12:34,  2.04s/it]
Predicting...:  28%|█████▊               | 143/512 [05:30<12:39,  2.06s/it]
Predicting...:  28%|█████▉               | 144/512 [05:32<12:20,  2.01s/it]
Predicting...:  28%|█████▉               | 145/512 [05:34<12:09,  1.99s/it]
Predicting...:  29%|█████▉               | 146/512 [05:36<12:00,  1.97s/it]
Predicting...:  29%|██████               | 147/512 [05:38<11:56,  1.96s/it]
Predicting...:  29%|██████               | 148/512 [05:40<11:50,  1.95s/it]
Predicting...:  29%|██████               | 149/512 [05:42<12:07,  2.00s/it]
Predicting...:  29%|██████▏              | 150/512 [05:44<11:57,  1.98s/it]
Predicting...:  29%|██████▏              | 151/512 [05:46<11:52,  1.97s/it]
Predicting...:  30%|██████▏              | 152/512 [05:48<11:45,  1.96s/it]
Predicting...:  30%|██████▎              | 153/512 [05:50<11:43,  1.96s/it]
Predicting...:  30%|██████▎              | 154/512 [05:52<11:56,  2.00s/it]
Predicting...:  30%|██████▎              | 155/512 [05:54<11:48,  1.98s/it]
Predicting...:  30%|██████▍              | 156/512 [05:56<11:43,  1.98s/it]
Predicting...:  31%|██████▍              | 157/512 [05:58<11:39,  1.97s/it]
Predicting...:  31%|██████▍              | 158/512 [06:00<11:37,  1.97s/it]
Predicting...:  31%|██████▌              | 159/512 [06:02<11:53,  2.02s/it]
Predicting...:  31%|██████▌              | 160/512 [06:04<11:50,  2.02s/it]
Predicting...:  31%|██████▌              | 161/512 [06:06<11:49,  2.02s/it]
Predicting...:  32%|██████▋              | 162/512 [06:08<11:52,  2.03s/it]
Predicting...:  32%|██████▋              | 163/512 [06:10<11:55,  2.05s/it]
Predicting...:  32%|██████▋              | 164/512 [06:13<12:14,  2.11s/it]
Predicting...:  32%|██████▊              | 165/512 [06:15<12:04,  2.09s/it]
Predicting...:  32%|██████▊              | 166/512 [06:17<11:55,  2.07s/it]
Predicting...:  33%|██████▊              | 167/512 [06:19<11:48,  2.05s/it]
Predicting...:  33%|██████▉              | 168/512 [06:21<11:39,  2.03s/it]
Predicting...:  33%|██████▉              | 169/512 [06:23<11:29,  2.01s/it]
Predicting...:  33%|██████▉              | 170/512 [06:25<11:36,  2.04s/it]
Predicting...:  33%|███████              | 171/512 [06:27<11:22,  2.00s/it]
Predicting...:  34%|███████              | 172/512 [06:28<11:09,  1.97s/it]
Predicting...:  34%|███████              | 173/512 [06:30<10:59,  1.95s/it]
Predicting...:  34%|███████▏             | 174/512 [06:32<10:50,  1.92s/it]
Predicting...:  34%|███████▏             | 175/512 [06:34<10:57,  1.95s/it]
Predicting...:  34%|███████▏             | 176/512 [06:36<10:41,  1.91s/it]
Predicting...:  35%|███████▎             | 177/512 [06:38<10:27,  1.87s/it]
Predicting...:  35%|███████▎             | 178/512 [06:40<10:15,  1.84s/it]
Predicting...:  35%|███████▎             | 179/512 [06:41<10:08,  1.83s/it]
Predicting...:  35%|███████▍             | 180/512 [06:43<10:05,  1.82s/it]
Predicting...:  35%|███████▍             | 181/512 [06:45<10:14,  1.86s/it]
Predicting...:  36%|███████▍             | 182/512 [06:47<10:01,  1.82s/it]
Predicting...:  36%|███████▌             | 183/512 [06:49<09:56,  1.81s/it]
Predicting...:  36%|███████▌             | 184/512 [06:51<09:59,  1.83s/it]
Predicting...:  36%|███████▌             | 185/512 [06:52<10:06,  1.85s/it]
Predicting...:  36%|███████▋             | 186/512 [06:54<10:20,  1.90s/it]
Predicting...:  37%|███████▋             | 187/512 [06:57<11:05,  2.05s/it]
Predicting...:  37%|███████▋             | 188/512 [06:59<11:23,  2.11s/it]
Predicting...:  37%|███████▊             | 189/512 [07:01<11:37,  2.16s/it]
Predicting...:  37%|███████▊             | 190/512 [07:04<11:51,  2.21s/it]
Predicting...:  37%|███████▊             | 191/512 [07:06<12:16,  2.29s/it]
Predicting...:  38%|███████▉             | 192/512 [07:09<12:18,  2.31s/it]
Predicting...:  38%|███████▉             | 193/512 [07:11<12:22,  2.33s/it]
Predicting...:  38%|███████▉             | 194/512 [07:13<12:27,  2.35s/it]
Predicting...:  38%|███████▉             | 195/512 [07:16<12:31,  2.37s/it]
Predicting...:  38%|████████             | 196/512 [07:18<12:51,  2.44s/it]
Predicting...:  38%|████████             | 197/512 [07:21<12:50,  2.45s/it]
Predicting...:  39%|████████             | 198/512 [07:23<12:48,  2.45s/it]
Predicting...:  39%|████████▏            | 199/512 [07:26<12:51,  2.46s/it]
Predicting...:  39%|████████▏            | 200/512 [07:28<13:05,  2.52s/it]
Predicting...:  39%|████████▏            | 201/512 [07:31<13:02,  2.52s/it]
Predicting...:  39%|████████▎            | 202/512 [07:33<12:58,  2.51s/it]
Predicting...:  40%|████████▎            | 203/512 [07:36<12:57,  2.52s/it]
Predicting...:  40%|████████▎            | 204/512 [07:39<13:12,  2.57s/it]
Predicting...:  40%|████████▍            | 205/512 [07:41<13:03,  2.55s/it]
Predicting...:  40%|████████▍            | 206/512 [07:44<12:54,  2.53s/it]
Predicting...:  40%|████████▍            | 207/512 [07:46<12:45,  2.51s/it]
Predicting...:  41%|████████▌            | 208/512 [07:49<12:50,  2.53s/it]
Predicting...:  41%|████████▌            | 209/512 [07:51<12:33,  2.49s/it]
Predicting...:  41%|████████▌            | 210/512 [07:53<12:19,  2.45s/it]
Predicting...:  41%|████████▋            | 211/512 [07:56<12:06,  2.41s/it]
Predicting...:  41%|████████▋            | 212/512 [07:58<11:55,  2.39s/it]
Predicting...:  42%|████████▋            | 213/512 [08:01<12:05,  2.43s/it]
Predicting...:  42%|████████▊            | 214/512 [08:03<11:56,  2.41s/it]
Predicting...:  42%|████████▊            | 215/512 [08:05<11:52,  2.40s/it]
Predicting...:  42%|████████▊            | 216/512 [08:08<11:47,  2.39s/it]
Predicting...:  42%|████████▉            | 217/512 [08:10<11:54,  2.42s/it]
Predicting...:  43%|████████▉            | 218/512 [08:13<11:41,  2.39s/it]
Predicting...:  43%|████████▉            | 219/512 [08:15<11:27,  2.35s/it]
Predicting...:  43%|█████████            | 220/512 [08:17<11:12,  2.30s/it]
Predicting...:  43%|█████████            | 221/512 [08:19<10:57,  2.26s/it]
Predicting...:  43%|█████████            | 222/512 [08:21<10:57,  2.27s/it]
Predicting...:  44%|█████████▏           | 223/512 [08:23<10:36,  2.20s/it]
Predicting...:  44%|█████████▏           | 224/512 [08:25<10:11,  2.12s/it]
Predicting...:  44%|█████████▏           | 225/512 [08:27<09:43,  2.03s/it]
Predicting...:  44%|█████████▎           | 226/512 [08:29<09:12,  1.93s/it]
Predicting...:  44%|█████████▎           | 227/512 [08:31<08:56,  1.88s/it]
Predicting...:  45%|█████████▎           | 228/512 [08:32<08:24,  1.77s/it]
Predicting...:  45%|█████████▍           | 229/512 [08:34<08:00,  1.70s/it]
Predicting...:  45%|█████████▍           | 230/512 [08:35<07:40,  1.63s/it]
Predicting...:  45%|█████████▍           | 231/512 [08:37<07:23,  1.58s/it]
Predicting...:  45%|█████████▌           | 232/512 [08:38<07:08,  1.53s/it]
Predicting...:  46%|█████████▌           | 233/512 [08:39<06:55,  1.49s/it]
Predicting...:  46%|█████████▌           | 234/512 [08:41<06:42,  1.45s/it]
Predicting...:  46%|█████████▋           | 235/512 [08:42<06:49,  1.48s/it]
Predicting...:  46%|█████████▋           | 236/512 [08:44<06:41,  1.46s/it]
Predicting...:  46%|█████████▋           | 237/512 [08:45<06:40,  1.45s/it]
Predicting...:  46%|█████████▊           | 238/512 [08:47<06:38,  1.45s/it]
Predicting...:  47%|█████████▊           | 239/512 [08:48<06:40,  1.47s/it]
Predicting...:  47%|█████████▊           | 240/512 [08:50<06:42,  1.48s/it]
Predicting...:  47%|█████████▉           | 241/512 [08:51<06:39,  1.47s/it]
Predicting...:  47%|█████████▉           | 242/512 [08:53<06:43,  1.49s/it]
Predicting...:  47%|█████████▉           | 243/512 [08:54<06:32,  1.46s/it]
Predicting...:  48%|██████████           | 244/512 [08:55<06:22,  1.43s/it]
Predicting...:  48%|██████████           | 245/512 [08:57<06:14,  1.40s/it]
Predicting...:  48%|██████████           | 246/512 [08:58<06:05,  1.38s/it]
Predicting...:  48%|██████████▏          | 247/512 [08:59<05:56,  1.35s/it]
Predicting...:  48%|██████████▏          | 248/512 [09:01<05:48,  1.32s/it]
Predicting...:  49%|██████████▏          | 249/512 [09:02<05:39,  1.29s/it]
Predicting...:  49%|██████████▎          | 250/512 [09:03<05:45,  1.32s/it]
Predicting...:  49%|██████████▎          | 251/512 [09:04<05:28,  1.26s/it]
Predicting...:  49%|██████████▎          | 252/512 [09:05<05:12,  1.20s/it]
Predicting...:  49%|██████████▍          | 253/512 [09:06<04:59,  1.16s/it]
Predicting...:  50%|██████████▍          | 254/512 [09:08<04:51,  1.13s/it]
Predicting...:  50%|██████████▍          | 255/512 [09:09<04:46,  1.11s/it]
Predicting...:  50%|██████████▌          | 256/512 [09:10<04:42,  1.10s/it]
Predicting...:  50%|██████████▌          | 257/512 [09:11<04:38,  1.09s/it]
Predicting...:  50%|██████████▌          | 258/512 [09:12<04:38,  1.09s/it]
Predicting...:  51%|██████████▌          | 259/512 [09:13<04:51,  1.15s/it]
Predicting...:  51%|██████████▋          | 260/512 [09:14<04:52,  1.16s/it]
Predicting...:  51%|██████████▋          | 261/512 [09:16<04:54,  1.17s/it]
Predicting...:  51%|██████████▋          | 262/512 [09:17<04:56,  1.19s/it]
Predicting...:  51%|██████████▊          | 263/512 [09:18<04:59,  1.20s/it]
Predicting...:  52%|██████████▊          | 264/512 [09:19<04:59,  1.21s/it]
Predicting...:  52%|██████████▊          | 265/512 [09:20<05:01,  1.22s/it]
Predicting...:  52%|██████████▉          | 266/512 [09:22<05:01,  1.23s/it]
Predicting...:  52%|██████████▉          | 267/512 [09:23<05:00,  1.23s/it]
Predicting...:  52%|██████████▉          | 268/512 [09:24<05:10,  1.27s/it]
Predicting...:  53%|███████████          | 269/512 [09:25<05:02,  1.25s/it]
Predicting...:  53%|███████████          | 270/512 [09:27<04:55,  1.22s/it]
Predicting...:  53%|███████████          | 271/512 [09:28<04:47,  1.19s/it]
Predicting...:  53%|███████████▏         | 272/512 [09:29<04:40,  1.17s/it]
Predicting...:  53%|███████████▏         | 273/512 [09:30<04:35,  1.15s/it]
Predicting...:  54%|███████████▏         | 274/512 [09:31<04:32,  1.14s/it]
Predicting...:  54%|███████████▎         | 275/512 [09:32<04:31,  1.14s/it]
Predicting...:  54%|███████████▎         | 276/512 [09:33<04:32,  1.16s/it]
Predicting...:  54%|███████████▎         | 277/512 [09:35<04:46,  1.22s/it]
Predicting...:  54%|███████████▍         | 278/512 [09:36<04:45,  1.22s/it]
Predicting...:  54%|███████████▍         | 279/512 [09:37<04:42,  1.21s/it]
Predicting...:  55%|███████████▍         | 280/512 [09:38<04:39,  1.21s/it]
Predicting...:  55%|███████████▌         | 281/512 [09:40<04:35,  1.19s/it]
Predicting...:  55%|███████████▌         | 282/512 [09:41<04:28,  1.17s/it]
Predicting...:  55%|███████████▌         | 283/512 [09:42<04:21,  1.14s/it]
Predicting...:  55%|███████████▋         | 284/512 [09:43<04:14,  1.12s/it]
Predicting...:  56%|███████████▋         | 285/512 [09:44<04:08,  1.10s/it]
Predicting...:  56%|███████████▋         | 286/512 [09:45<04:17,  1.14s/it]
Predicting...:  56%|███████████▊         | 287/512 [09:46<04:12,  1.12s/it]
Predicting...:  56%|███████████▊         | 288/512 [09:47<04:10,  1.12s/it]
Predicting...:  56%|███████████▊         | 289/512 [09:48<04:06,  1.10s/it]
Predicting...:  57%|███████████▉         | 290/512 [09:49<04:02,  1.09s/it]
Predicting...:  57%|███████████▉         | 291/512 [09:51<04:01,  1.09s/it]
Predicting...:  57%|███████████▉         | 292/512 [09:52<04:02,  1.10s/it]
Predicting...:  57%|████████████         | 293/512 [09:53<04:03,  1.11s/it]
Predicting...:  57%|████████████         | 294/512 [09:54<04:01,  1.11s/it]
Predicting...:  58%|████████████         | 295/512 [09:55<04:14,  1.17s/it]
Predicting...:  58%|████████████▏        | 296/512 [09:56<04:15,  1.18s/it]
Predicting...:  58%|████████████▏        | 297/512 [09:58<04:17,  1.20s/it]
Predicting...:  58%|████████████▏        | 298/512 [09:59<04:21,  1.22s/it]
Predicting...:  58%|████████████▎        | 299/512 [10:00<04:24,  1.24s/it]
Predicting...:  59%|████████████▎        | 300/512 [10:02<04:27,  1.26s/it]
Predicting...:  59%|████████████▎        | 301/512 [10:03<04:30,  1.28s/it]
Predicting...:  59%|████████████▍        | 302/512 [10:04<04:32,  1.30s/it]
Predicting...:  59%|████████████▍        | 303/512 [10:06<04:34,  1.31s/it]
Predicting...:  59%|████████████▍        | 304/512 [10:07<04:44,  1.37s/it]
Predicting...:  60%|████████████▌        | 305/512 [10:08<04:40,  1.36s/it]
Predicting...:  60%|████████████▌        | 306/512 [10:10<04:38,  1.35s/it]
Predicting...:  60%|████████████▌        | 307/512 [10:11<04:37,  1.36s/it]
Predicting...:  60%|████████████▋        | 308/512 [10:12<04:36,  1.36s/it]
Predicting...:  60%|████████████▋        | 309/512 [10:14<04:36,  1.36s/it]
Predicting...:  61%|████████████▋        | 310/512 [10:15<04:35,  1.37s/it]
Predicting...:  61%|████████████▊        | 311/512 [10:17<04:48,  1.44s/it]
Predicting...:  61%|████████████▊        | 312/512 [10:18<04:46,  1.43s/it]
Predicting...:  61%|████████████▊        | 313/512 [10:20<04:46,  1.44s/it]
Predicting...:  61%|████████████▉        | 314/512 [10:21<04:45,  1.44s/it]
Predicting...:  62%|████████████▉        | 315/512 [10:23<04:45,  1.45s/it]
Predicting...:  62%|████████████▉        | 316/512 [10:24<04:43,  1.45s/it]
Predicting...:  62%|█████████████        | 317/512 [10:25<04:39,  1.43s/it]
Predicting...:  62%|█████████████        | 318/512 [10:27<04:35,  1.42s/it]
Predicting...:  62%|█████████████        | 319/512 [10:28<04:40,  1.45s/it]
Predicting...:  62%|█████████████▏       | 320/512 [10:30<04:32,  1.42s/it]
Predicting...:  63%|█████████████▏       | 321/512 [10:31<04:25,  1.39s/it]
Predicting...:  63%|█████████████▏       | 322/512 [10:32<04:18,  1.36s/it]
Predicting...:  63%|█████████████▏       | 323/512 [10:34<04:11,  1.33s/it]
Predicting...:  63%|█████████████▎       | 324/512 [10:35<04:05,  1.31s/it]
Predicting...:  63%|█████████████▎       | 325/512 [10:36<03:59,  1.28s/it]
Predicting...:  64%|█████████████▎       | 326/512 [10:37<03:53,  1.26s/it]
Predicting...:  64%|█████████████▍       | 327/512 [10:39<03:58,  1.29s/it]
Predicting...:  64%|█████████████▍       | 328/512 [10:40<03:49,  1.24s/it]
Predicting...:  64%|█████████████▍       | 329/512 [10:41<03:41,  1.21s/it]
Predicting...:  64%|█████████████▌       | 330/512 [10:42<03:33,  1.17s/it]
Predicting...:  65%|█████████████▌       | 331/512 [10:43<03:27,  1.15s/it]
Predicting...:  65%|█████████████▌       | 332/512 [10:44<03:22,  1.13s/it]
Predicting...:  65%|█████████████▋       | 333/512 [10:45<03:18,  1.11s/it]
Predicting...:  65%|█████████████▋       | 334/512 [10:46<03:16,  1.10s/it]
Predicting...:  65%|█████████████▋       | 335/512 [10:47<03:13,  1.09s/it]
Predicting...:  66%|█████████████▊       | 336/512 [10:49<03:19,  1.14s/it]
Predicting...:  66%|█████████████▊       | 337/512 [10:50<03:13,  1.11s/it]
Predicting...:  66%|█████████████▊       | 338/512 [10:51<03:07,  1.08s/it]
Predicting...:  66%|█████████████▉       | 339/512 [10:52<03:02,  1.05s/it]
Predicting...:  66%|█████████████▉       | 340/512 [10:53<02:56,  1.02s/it]
Predicting...:  67%|█████████████▉       | 341/512 [10:54<02:51,  1.00s/it]
Predicting...:  67%|██████████████       | 342/512 [10:54<02:46,  1.02it/s]
Predicting...:  67%|██████████████       | 343/512 [10:55<02:41,  1.05it/s]
Predicting...:  67%|██████████████       | 344/512 [10:56<02:38,  1.06it/s]
Predicting...:  67%|██████████████▏      | 345/512 [10:57<02:35,  1.08it/s]
Predicting...:  68%|██████████████▏      | 346/512 [10:58<02:33,  1.08it/s]
Predicting...:  68%|██████████████▏      | 347/512 [10:59<02:40,  1.03it/s]
Predicting...:  68%|██████████████▎      | 348/512 [11:00<02:34,  1.06it/s]
Predicting...:  68%|██████████████▎      | 349/512 [11:01<02:29,  1.09it/s]
Predicting...:  68%|██████████████▎      | 350/512 [11:02<02:23,  1.13it/s]
Predicting...:  69%|██████████████▍      | 351/512 [11:03<02:18,  1.16it/s]
Predicting...:  69%|██████████████▍      | 352/512 [11:03<02:13,  1.20it/s]
Predicting...:  69%|██████████████▍      | 353/512 [11:04<02:08,  1.24it/s]
Predicting...:  69%|██████████████▌      | 354/512 [11:05<02:03,  1.28it/s]
Predicting...:  69%|██████████████▌      | 355/512 [11:05<01:58,  1.32it/s]
Predicting...:  70%|██████████████▌      | 356/512 [11:06<01:54,  1.37it/s]
Predicting...:  70%|██████████████▋      | 357/512 [11:07<01:51,  1.39it/s]
Predicting...:  70%|██████████████▋      | 358/512 [11:07<01:49,  1.41it/s]
Predicting...:  70%|██████████████▋      | 359/512 [11:08<01:46,  1.43it/s]
Predicting...:  70%|██████████████▊      | 360/512 [11:09<01:45,  1.44it/s]
Predicting...:  71%|██████████████▊      | 361/512 [11:10<01:43,  1.46it/s]
Predicting...:  71%|██████████████▊      | 362/512 [11:10<01:47,  1.39it/s]
Predicting...:  71%|██████████████▉      | 363/512 [11:11<01:42,  1.46it/s]
Predicting...:  71%|██████████████▉      | 364/512 [11:12<01:37,  1.52it/s]
Predicting...:  71%|██████████████▉      | 365/512 [11:12<01:32,  1.59it/s]
Predicting...:  71%|███████████████      | 366/512 [11:13<01:27,  1.66it/s]
Predicting...:  72%|███████████████      | 367/512 [11:13<01:23,  1.73it/s]
Predicting...:  72%|███████████████      | 368/512 [11:14<01:19,  1.81it/s]
Predicting...:  72%|███████████████▏     | 369/512 [11:14<01:15,  1.89it/s]
Predicting...:  72%|███████████████▏     | 370/512 [11:15<01:11,  1.98it/s]
Predicting...:  72%|███████████████▏     | 371/512 [11:15<01:07,  2.08it/s]
Predicting...:  73%|███████████████▎     | 372/512 [11:15<01:03,  2.20it/s]
Predicting...:  73%|███████████████▎     | 373/512 [11:16<01:00,  2.31it/s]
Predicting...:  73%|███████████████▎     | 374/512 [11:16<00:56,  2.44it/s]
Predicting...:  73%|███████████████▍     | 375/512 [11:16<00:52,  2.60it/s]
Predicting...:  73%|███████████████▍     | 376/512 [11:17<00:48,  2.80it/s]
Predicting...:  74%|███████████████▍     | 377/512 [11:17<00:45,  2.99it/s]
Predicting...:  74%|███████████████▌     | 378/512 [11:17<00:41,  3.22it/s]
Predicting...:  74%|███████████████▌     | 379/512 [11:17<00:37,  3.51it/s]
Predicting...:  74%|███████████████▌     | 380/512 [11:18<00:34,  3.81it/s]
Predicting...:  74%|███████████████▋     | 381/512 [11:18<00:31,  4.20it/s]
Predicting...:  75%|███████████████▋     | 382/512 [11:18<00:29,  4.41it/s]
Predicting...:  75%|███████████████▋     | 383/512 [11:18<00:31,  4.11it/s]
Predicting...:  75%|███████████████▊     | 384/512 [11:19<00:35,  3.63it/s]
Predicting...:  75%|███████████████▊     | 385/512 [11:19<00:40,  3.17it/s]
Predicting...:  75%|███████████████▊     | 386/512 [11:20<00:45,  2.78it/s]
Predicting...:  76%|███████████████▊     | 387/512 [11:20<00:57,  2.19it/s]
Predicting...:  76%|███████████████▉     | 388/512 [11:21<00:59,  2.07it/s]
Predicting...:  76%|███████████████▉     | 389/512 [11:21<01:03,  1.93it/s]
Predicting...:  76%|███████████████▉     | 390/512 [11:22<01:08,  1.78it/s]
Predicting...:  76%|████████████████     | 391/512 [11:23<01:13,  1.64it/s]
Predicting...:  77%|████████████████     | 392/512 [11:24<01:19,  1.50it/s]
Predicting...:  77%|████████████████     | 393/512 [11:24<01:26,  1.38it/s]
Predicting...:  77%|████████████████▏    | 394/512 [11:25<01:32,  1.27it/s]
Predicting...:  77%|████████████████▏    | 395/512 [11:26<01:38,  1.18it/s]
Predicting...:  77%|████████████████▏    | 396/512 [11:27<01:44,  1.11it/s]
Predicting...:  78%|████████████████▎    | 397/512 [11:28<01:48,  1.06it/s]
Predicting...:  78%|████████████████▎    | 398/512 [11:30<01:51,  1.02it/s]
Predicting...:  78%|████████████████▎    | 399/512 [11:31<01:53,  1.01s/it]
Predicting...:  78%|████████████████▍    | 400/512 [11:32<02:00,  1.08s/it]
Predicting...:  78%|████████████████▍    | 401/512 [11:33<01:59,  1.08s/it]
Predicting...:  79%|████████████████▍    | 402/512 [11:34<01:59,  1.08s/it]
Predicting...:  79%|████████████████▌    | 403/512 [11:35<01:57,  1.08s/it]
Predicting...:  79%|████████████████▌    | 404/512 [11:36<01:56,  1.08s/it]
Predicting...:  79%|████████████████▌    | 405/512 [11:37<01:55,  1.08s/it]
Predicting...:  79%|████████████████▋    | 406/512 [11:38<01:54,  1.08s/it]
Predicting...:  79%|████████████████▋    | 407/512 [11:39<01:52,  1.08s/it]
Predicting...:  80%|████████████████▋    | 408/512 [11:40<01:51,  1.07s/it]
Predicting...:  80%|████████████████▊    | 409/512 [11:42<01:55,  1.12s/it]
Predicting...:  80%|████████████████▊    | 410/512 [11:43<01:51,  1.10s/it]
Predicting...:  80%|████████████████▊    | 411/512 [11:44<01:49,  1.08s/it]
Predicting...:  80%|████████████████▉    | 412/512 [11:45<01:47,  1.07s/it]
Predicting...:  81%|████████████████▉    | 413/512 [11:46<01:44,  1.06s/it]
Predicting...:  81%|████████████████▉    | 414/512 [11:47<01:43,  1.05s/it]
Predicting...:  81%|█████████████████    | 415/512 [11:48<01:41,  1.04s/it]
Predicting...:  81%|█████████████████    | 416/512 [11:49<01:39,  1.04s/it]
Predicting...:  81%|█████████████████    | 417/512 [11:50<01:38,  1.03s/it]
Predicting...:  82%|█████████████████▏   | 418/512 [11:51<01:36,  1.03s/it]
Predicting...:  82%|█████████████████▏   | 419/512 [11:52<01:35,  1.02s/it]
Predicting...:  82%|█████████████████▏   | 420/512 [11:53<01:38,  1.07s/it]
Predicting...:  82%|█████████████████▎   | 421/512 [11:54<01:35,  1.04s/it]
Predicting...:  82%|█████████████████▎   | 422/512 [11:55<01:32,  1.03s/it]
Predicting...:  83%|█████████████████▎   | 423/512 [11:56<01:31,  1.02s/it]
Predicting...:  83%|█████████████████▍   | 424/512 [11:57<01:29,  1.02s/it]
Predicting...:  83%|█████████████████▍   | 425/512 [11:58<01:27,  1.01s/it]
Predicting...:  83%|█████████████████▍   | 426/512 [11:59<01:25,  1.00it/s]
Predicting...:  83%|█████████████████▌   | 427/512 [12:00<01:24,  1.00it/s]
Predicting...:  84%|█████████████████▌   | 428/512 [12:01<01:23,  1.00it/s]
Predicting...:  84%|█████████████████▌   | 429/512 [12:02<01:22,  1.01it/s]
Predicting...:  84%|█████████████████▋   | 430/512 [12:03<01:25,  1.04s/it]
Predicting...:  84%|█████████████████▋   | 431/512 [12:04<01:22,  1.02s/it]
Predicting...:  84%|█████████████████▋   | 432/512 [12:05<01:20,  1.00s/it]
Predicting...:  85%|█████████████████▊   | 433/512 [12:06<01:18,  1.01it/s]
Predicting...:  85%|█████████████████▊   | 434/512 [12:07<01:16,  1.02it/s]
Predicting...:  85%|█████████████████▊   | 435/512 [12:08<01:14,  1.03it/s]
Predicting...:  85%|█████████████████▉   | 436/512 [12:09<01:12,  1.04it/s]
Predicting...:  85%|█████████████████▉   | 437/512 [12:10<01:11,  1.05it/s]
Predicting...:  86%|█████████████████▉   | 438/512 [12:11<01:10,  1.05it/s]
Predicting...:  86%|██████████████████   | 439/512 [12:12<01:08,  1.06it/s]
Predicting...:  86%|██████████████████   | 440/512 [12:13<01:07,  1.07it/s]
Predicting...:  86%|██████████████████   | 441/512 [12:14<01:09,  1.02it/s]
Predicting...:  86%|██████████████████▏  | 442/512 [12:15<01:07,  1.03it/s]
Predicting...:  87%|██████████████████▏  | 443/512 [12:16<01:06,  1.04it/s]
Predicting...:  87%|██████████████████▏  | 444/512 [12:17<01:05,  1.04it/s]
Predicting...:  87%|██████████████████▎  | 445/512 [12:18<01:04,  1.04it/s]
Predicting...:  87%|██████████████████▎  | 446/512 [12:19<01:03,  1.04it/s]
Predicting...:  87%|██████████████████▎  | 447/512 [12:19<01:02,  1.04it/s]
Predicting...:  88%|██████████████████▍  | 448/512 [12:20<01:01,  1.04it/s]
Predicting...:  88%|██████████████████▍  | 449/512 [12:21<01:01,  1.03it/s]
Predicting...:  88%|██████████████████▍  | 450/512 [12:22<01:00,  1.02it/s]
Predicting...:  88%|██████████████████▍  | 451/512 [12:23<00:59,  1.02it/s]
Predicting...:  88%|██████████████████▌  | 452/512 [12:25<01:02,  1.04s/it]
Predicting...:  88%|██████████████████▌  | 453/512 [12:26<01:00,  1.03s/it]
Predicting...:  89%|██████████████████▌  | 454/512 [12:27<01:00,  1.03s/it]
Predicting...:  89%|██████████████████▋  | 455/512 [12:28<00:58,  1.04s/it]
Predicting...:  89%|██████████████████▋  | 456/512 [12:29<00:58,  1.04s/it]
Predicting...:  89%|██████████████████▋  | 457/512 [12:30<00:57,  1.04s/it]
Predicting...:  89%|██████████████████▊  | 458/512 [12:31<00:56,  1.05s/it]
Predicting...:  90%|██████████████████▊  | 459/512 [12:32<00:56,  1.06s/it]
Predicting...:  90%|██████████████████▊  | 460/512 [12:33<00:55,  1.06s/it]
Predicting...:  90%|██████████████████▉  | 461/512 [12:34<00:54,  1.07s/it]
Predicting...:  90%|██████████████████▉  | 462/512 [12:35<00:56,  1.13s/it]
Predicting...:  90%|██████████████████▉  | 463/512 [12:36<00:54,  1.12s/it]
Predicting...:  91%|███████████████████  | 464/512 [12:38<00:53,  1.11s/it]
Predicting...:  91%|███████████████████  | 465/512 [12:39<00:52,  1.11s/it]
Predicting...:  91%|███████████████████  | 466/512 [12:40<00:50,  1.11s/it]
Predicting...:  91%|███████████████████▏ | 467/512 [12:41<00:49,  1.11s/it]
Predicting...:  91%|███████████████████▏ | 468/512 [12:42<00:49,  1.12s/it]
Predicting...:  92%|███████████████████▏ | 469/512 [12:43<00:48,  1.12s/it]
Predicting...:  92%|███████████████████▎ | 470/512 [12:44<00:46,  1.12s/it]
Predicting...:  92%|███████████████████▎ | 471/512 [12:45<00:47,  1.15s/it]
Predicting...:  92%|███████████████████▎ | 472/512 [12:47<00:45,  1.13s/it]
Predicting...:  92%|███████████████████▍ | 473/512 [12:48<00:42,  1.10s/it]
Predicting...:  93%|███████████████████▍ | 474/512 [12:49<00:40,  1.08s/it]
Predicting...:  93%|███████████████████▍ | 475/512 [12:50<00:38,  1.05s/it]
Predicting...:  93%|███████████████████▌ | 476/512 [12:51<00:36,  1.02s/it]
Predicting...:  93%|███████████████████▌ | 477/512 [12:51<00:34,  1.01it/s]
Predicting...:  93%|███████████████████▌ | 478/512 [12:52<00:32,  1.04it/s]
Predicting...:  94%|███████████████████▋ | 479/512 [12:53<00:31,  1.06it/s]
Predicting...:  94%|███████████████████▋ | 480/512 [12:54<00:29,  1.09it/s]
Predicting...:  94%|███████████████████▋ | 481/512 [12:55<00:27,  1.12it/s]
Predicting...:  94%|███████████████████▊ | 482/512 [12:56<00:25,  1.16it/s]
Predicting...:  94%|███████████████████▊ | 483/512 [12:57<00:25,  1.12it/s]
Predicting...:  95%|███████████████████▊ | 484/512 [12:57<00:23,  1.18it/s]
Predicting...:  95%|███████████████████▉ | 485/512 [12:58<00:21,  1.23it/s]
Predicting...:  95%|███████████████████▉ | 486/512 [12:59<00:20,  1.28it/s]
Predicting...:  95%|███████████████████▉ | 487/512 [13:00<00:18,  1.34it/s]
Predicting...:  95%|████████████████████ | 488/512 [13:00<00:17,  1.40it/s]
Predicting...:  96%|████████████████████ | 489/512 [13:01<00:15,  1.45it/s]
Predicting...:  96%|████████████████████ | 490/512 [13:01<00:14,  1.50it/s]
Predicting...:  96%|████████████████████▏| 491/512 [13:02<00:13,  1.58it/s]
Predicting...:  96%|████████████████████▏| 492/512 [13:03<00:12,  1.63it/s]
Predicting...:  96%|████████████████████▏| 493/512 [13:03<00:11,  1.66it/s]
Predicting...:  96%|████████████████████▎| 494/512 [13:04<00:10,  1.68it/s]
Predicting...:  97%|████████████████████▎| 495/512 [13:04<00:10,  1.69it/s]
Predicting...:  97%|████████████████████▎| 496/512 [13:05<00:09,  1.68it/s]
Predicting...:  97%|████████████████████▍| 497/512 [13:06<00:09,  1.66it/s]
Predicting...:  97%|████████████████████▍| 498/512 [13:06<00:08,  1.64it/s]
Predicting...:  97%|████████████████████▍| 499/512 [13:07<00:08,  1.51it/s]
Predicting...:  98%|████████████████████▌| 500/512 [13:08<00:07,  1.53it/s]
Predicting...:  98%|████████████████████▌| 501/512 [13:08<00:07,  1.56it/s]
Predicting...:  98%|████████████████████▌| 502/512 [13:09<00:06,  1.61it/s]
Predicting...:  98%|████████████████████▋| 503/512 [13:09<00:05,  1.67it/s]
Predicting...:  98%|████████████████████▋| 504/512 [13:10<00:04,  1.75it/s]
Predicting...:  99%|████████████████████▋| 505/512 [13:10<00:03,  1.82it/s]
Predicting...:  99%|████████████████████▊| 506/512 [13:11<00:03,  1.90it/s]
Predicting...:  99%|████████████████████▊| 507/512 [13:11<00:02,  1.99it/s]
Predicting...:  99%|████████████████████▊| 508/512 [13:12<00:01,  2.09it/s]
Predicting...:  99%|████████████████████▉| 509/512 [13:12<00:01,  2.21it/s]
Predicting...: 100%|████████████████████▉| 510/512 [13:12<00:00,  2.34it/s]
Predicting...: 100%|████████████████████▉| 511/512 [13:13<00:00,  2.50it/s]
Predicting...: 100%|█████████████████████| 512/512 [13:13<00:00,  1.55s/it]
Misclassified pixels:  7223 / 111104
---Total Time  34.26845169067383 seconds ---